0 info it worked if it ends with ok
1 verbose cli [ '/usr/bin/nodejs', '/usr/bin/npm', 'run', 'serve' ]
2 info using npm@4.0.5
3 info using node@v7.4.0
4 verbose run-script [ 'preserve', 'serve', 'postserve' ]
5 info lifecycle ansibleui@1.0.0~preserve: ansibleui@1.0.0
6 silly lifecycle ansibleui@1.0.0~preserve: no script for preserve, continuing
7 info lifecycle ansibleui@1.0.0~serve: ansibleui@1.0.0
8 verbose lifecycle ansibleui@1.0.0~serve: unsafe-perm in lifecycle true
9 verbose lifecycle ansibleui@1.0.0~serve: PATH: /usr/lib/node_modules/npm/bin/node-gyp-bin:/home/nischay/Training/ansibleUI/node_modules/.bin:/usr/local/lib/npm/bin:/usr/local/bin:/usr/bin:/bin:/usr/local/games:/usr/games
10 verbose lifecycle ansibleui@1.0.0~serve: CWD: /home/nischay/Training/ansibleUI
11 silly lifecycle ansibleui@1.0.0~serve: Args: [ '-c', 'node ./server/www' ]
12 silly lifecycle ansibleui@1.0.0~serve: Returned: code: 1  signal: null
13 info lifecycle ansibleui@1.0.0~serve: Failed to exec serve script
14 verbose stack Error: ansibleui@1.0.0 serve: `node ./server/www`
14 verbose stack Exit status 1
14 verbose stack     at EventEmitter.<anonymous> (/usr/lib/node_modules/npm/lib/utils/lifecycle.js:279:16)
14 verbose stack     at emitTwo (events.js:106:13)
14 verbose stack     at EventEmitter.emit (events.js:191:7)
14 verbose stack     at ChildProcess.<anonymous> (/usr/lib/node_modules/npm/lib/utils/spawn.js:40:14)
14 verbose stack     at emitTwo (events.js:106:13)
14 verbose stack     at ChildProcess.emit (events.js:191:7)
14 verbose stack     at maybeClose (internal/child_process.js:885:16)
14 verbose stack     at Process.ChildProcess._handle.onexit (internal/child_process.js:226:5)
15 verbose pkgid ansibleui@1.0.0
16 verbose cwd /home/nischay/Training/ansibleUI
17 error Linux 3.16.0-4-amd64
18 error argv "/usr/bin/nodejs" "/usr/bin/npm" "run" "serve"
19 error node v7.4.0
20 error npm  v4.0.5
21 error code ELIFECYCLE
22 error ansibleui@1.0.0 serve: `node ./server/www`
22 error Exit status 1
23 error Failed at the ansibleui@1.0.0 serve script 'node ./server/www'.
23 error Make sure you have the latest version of node.js and npm installed.
23 error If you do, this is most likely a problem with the ansibleui package,
23 error not with npm itself.
23 error Tell the author that this fails on your system:
23 error     node ./server/www
23 error You can get information on how to open an issue for this project with:
23 error     npm bugs ansibleui
23 error Or if that isn't available, you can get their info via:
23 error     npm owner ls ansibleui
23 error There is likely additional logging output above.
24 verbose exit [ 1, true ]
